<?xml version="1.0" encoding="UTF-8"?>
<testsuite xmlns:xsi="http://www.w3.org/2001/XMLSchema-instance" xsi:noNamespaceSchemaLocation="https://maven.apache.org/surefire/maven-surefire-plugin/xsd/surefire-test-report.xsd" version="3.0.2" name="TestSuite" time="2.342" tests="9" errors="0" skipped="0" failures="0">
  <properties>
[...]
</properties>
  <testcase name="testCreateNewItem" classname="org.example.ApiTests" time="1.385">
    <system-out><![CDATA[RestAssured Base URI set to: http://localhost:3000/api/items

--- Running testCreateNewItem ---
Status Code: 201
Response Body: {"id":3,"name":"New Test Item","description":"This is a description for a new item created by API test."}
Created Item ID: 3
]]></system-out>
    <system-err><![CDATA[SLF4J: Failed to load class "org.slf4j.impl.StaticLoggerBinder".
SLF4J: Defaulting to no-operation (NOP) logger implementation
SLF4J: See http://www.slf4j.org/codes.html#StaticLoggerBinder for further details.
]]></system-err>
  </testcase>
  <testcase name="testCreateItemWithMissingFields" classname="org.example.ApiTests" time="0.03">
    <system-out><![CDATA[
--- Running testCreateItemWithMissingFields ---
Status Code: 400
Response Body: {"message":"Name and description are required"}
]]></system-out>
  </testcase>
  <testcase name="testGetAllItems" classname="org.example.ApiTests" time="0.032">
    <system-out><![CDATA[
--- Running testGetAllItems ---
Status Code: 200
Response Body: [{"id":1,"name":"Item A","description":"Description for Item A"},{"id":2,"name":"Item B","description":"Description for Item B"},{"id":3,"name":"New Test Item","description":"This is a description for a new item created by API test."}]
]]></system-out>
  </testcase>
  <testcase name="testGetSpecificItem" classname="org.example.ApiTests" time="0.026">
    <system-out><![CDATA[
--- Running testGetSpecificItem ---
Status Code: 200
Response Body: {"id":3,"name":"New Test Item","description":"This is a description for a new item created by API test."}
]]></system-out>
  </testcase>
  <testcase name="testGetNonExistentItem" classname="org.example.ApiTests" time="0.023">
    <system-out><![CDATA[
--- Running testGetNonExistentItem ---
Status Code: 404
Response Body: {"message":"Item not found"}
]]></system-out>
  </testcase>
  <testcase name="testUpdateItem" classname="org.example.ApiTests" time="0.037">
    <system-out><![CDATA[
--- Running testUpdateItem ---
Status Code: 200
Response Body: {"id":3,"name":"Updated Test Item Name","description":"Updated description for the test item."}
]]></system-out>
  </testcase>
  <testcase name="testUpdateNonExistentItem" classname="org.example.ApiTests" time="0.036">
    <system-out><![CDATA[
--- Running testUpdateNonExistentItem ---
Status Code: 404
Response Body: {"message":"Item not found"}
]]></system-out>
  </testcase>
  <testcase name="testDeleteItem" classname="org.example.ApiTests" time="0.032">
    <system-out><![CDATA[
--- Running testDeleteItem ---
Status Code: 204
Verified item is deleted.
]]></system-out>
  </testcase>
  <testcase name="testDeleteNonExistentItem" classname="org.example.ApiTests" time="0.022">
    <system-out><![CDATA[
--- Running testDeleteNonExistentItem ---
Status Code: 404
Response Body: {"message":"Item not found"}
]]></system-out>
  </testcase>
</testsuite>